<?xml version="1.0" encoding="UTF-8"?>
<testng-results skipped="0" failed="0" total="0" passed="0">
  <reporter-output>
  </reporter-output>
  <suite name="test.com.Priceline1TestNGTest" duration-ms="0" started-at="2018-04-08T18:46:25Z" finished-at="2018-04-08T18:46:25Z">
    <groups>
    </groups>
    <test name="Command line test" duration-ms="0" started-at="2018-04-08T18:46:25Z" finished-at="2018-04-08T18:46:25Z">
    </test> <!-- Command line test -->
  </suite> <!-- test.com.Priceline1TestNGTest -->
</testng-results>
