<?xml version="1.0" encoding="UTF-8"?>
<testng-results skipped="0" failed="0" total="0" passed="0">
  <reporter-output>
  </reporter-output>
  <suite name="test.com.PricenlineTestNGTest" duration-ms="6" started-at="2018-04-08T18:42:40Z" finished-at="2018-04-08T18:42:40Z">
    <groups>
    </groups>
    <test name="Command line test" duration-ms="6" started-at="2018-04-08T18:42:40Z" finished-at="2018-04-08T18:42:40Z">
    </test> <!-- Command line test -->
  </suite> <!-- test.com.PricenlineTestNGTest -->
</testng-results>
