<?xml version="1.0" encoding="UTF-8"?>
<!-- Generated by org.testng.reporters.JUnitXMLReporter -->
<testsuite hostname="HARE-KRISHNA" name="Command line test" tests="3" failures="0" timestamp="10 Apr 2018 18:14:00 GMT" time="57.716" errors="0">
  <testcase name="fillForm" time="57.668" classname="test.com.AutoTest"/>
  <testcase name="testadd" time="0.006" classname="test.com.AutoTest"/>
  <testcase name="testmul" time="0.0" classname="test.com.AutoTest"/>
</testsuite> <!-- Command line test -->
