<?xml version="1.0" encoding="UTF-8"?>
<!-- Generated by org.testng.reporters.JUnitXMLReporter -->
<testsuite hostname="HARE-KRISHNA" name="Command line test" tests="3" failures="1" timestamp="7 Apr 2018 17:30:26 GMT" time="11.744" errors="0">
  <testcase name="fillForm" time="11.691" classname="test.com.CalcTest">
    <failure type="org.openqa.selenium.support.ui.UnexpectedTagNameException" message="Element should have been &amp;quot;select&amp;quot; but was &amp;quot;div&amp;quot;
Build info: version: &amp;apos;3.10.0&amp;apos;, revision: &amp;apos;176b4a9&amp;apos;, time: &amp;apos;2018-03-02T19:03:16.397Z&amp;apos;
System info: host: &amp;apos;HARE-KRISHNA&amp;apos;, ip: &amp;apos;192.168.56.1&amp;apos;, os.name: &amp;apos;Windows 10&amp;apos;, os.arch: &amp;apos;amd64&amp;apos;, os.version: &amp;apos;10.0&amp;apos;, java.version: &amp;apos;1.8.0_161&amp;apos;
Driver info: driver.version: unknown">
      <![CDATA[org.openqa.selenium.support.ui.UnexpectedTagNameException: Element should have been "select" but was "div"
Build info: version: '3.10.0', revision: '176b4a9', time: '2018-03-02T19:03:16.397Z'
System info: host: 'HARE-KRISHNA', ip: '192.168.56.1', os.name: 'Windows 10', os.arch: 'amd64', os.version: '10.0', java.version: '1.8.0_161'
Driver info: driver.version: unknown
	at org.openqa.selenium.support.ui.Select.<init>(Select.java:47)
	at test.com.CalcTest.fillForm(CalcTest.java:112)
... Removed 33 stack frames]]>
    </failure>
  </testcase> <!-- fillForm -->
  <testcase name="testadd" time="0.005" classname="test.com.CalcTest"/>
  <testcase name="testmul" time="0.0" classname="test.com.CalcTest"/>
</testsuite> <!-- Command line test -->
