<?xml version="1.0" encoding="UTF-8" ?>
<testsuite tests="3" failures="1" name="test.com.CalcTest" time="12.823" errors="0" skipped="0">
  <properties>
[...]
</properties>
  <testcase classname="test.com.CalcTest" name="fillForm" time="11.707">
    <failure message="Element should have been &quot;select&quot; but was &quot;div&quot;
Build info: version: &apos;3.10.0&apos;, revision: &apos;176b4a9&apos;, time: &apos;2018-03-02T19:03:16.397Z&apos;
System info: host: &apos;HARE-KRISHNA&apos;, ip: &apos;192.168.56.1&apos;, os.name: &apos;Windows 10&apos;, os.arch: &apos;amd64&apos;, os.version: &apos;10.0&apos;, java.version: &apos;1.8.0_161&apos;
Driver info: driver.version: unknown" type="org.openqa.selenium.support.ui.UnexpectedTagNameException">org.openqa.selenium.support.ui.UnexpectedTagNameException: Element should have been &quot;select&quot; but was &quot;div&quot;
Build info: version: &apos;3.10.0&apos;, revision: &apos;176b4a9&apos;, time: &apos;2018-03-02T19:03:16.397Z&apos;
System info: host: &apos;HARE-KRISHNA&apos;, ip: &apos;192.168.56.1&apos;, os.name: &apos;Windows 10&apos;, os.arch: &apos;amd64&apos;, os.version: &apos;10.0&apos;, java.version: &apos;1.8.0_161&apos;
Driver info: driver.version: unknown
	at org.openqa.selenium.support.ui.Select.&lt;init&gt;(Select.java:47)
	at test.com.CalcTest.fillForm(CalcTest.java:112)
</failure>
    <system-out>launching firefox browser
</system-out>
    <system-err>1523122215980	geckodriver	INFO	geckodriver 0.19.1
1523122215995	geckodriver	INFO	Listening on 127.0.0.1:30874
1523122216890	mozrunner::runner	INFO	Running command: &quot;C:\\Program Files\\Mozilla Firefox\\firefox.exe&quot; &quot;-marionette&quot; &quot;-profile&quot; &quot;C:\\Users\\shashi\\AppData\\Local\\Temp\\rust_mozprofile.Ts1Pwx2oBoHP&quot;
1523122220320	Marionette	INFO	Listening on port 62162
1523122220555	Marionette	WARN	TLS certificate errors will be ignored for this session
Apr 07, 2018 12:30:20 PM org.openqa.selenium.remote.ProtocolHandshake createSession
INFO: Detected dialect: W3C
JavaScript warning: https://ajax.googleapis.com/ajax/libs/jquery/1.9.1/jquery.min.js, line 1: Using //@ to indicate sourceMappingURL pragmas is deprecated. Use //# instead
</system-err>
  </testcase>
  <testcase classname="test.com.CalcTest" name="testadd" time="0"/>
  <testcase classname="test.com.CalcTest" name="testmul" time="0"/>
</testsuite>