<?xml version="1.0" encoding="UTF-8"?>
<testng-results skipped="0" failed="1" total="3" passed="2">
  <reporter-output>
  </reporter-output>
  <suite name="test.com.CalcTest" duration-ms="11744" started-at="2018-04-07T17:30:15Z" finished-at="2018-04-07T17:30:26Z">
    <groups>
    </groups>
    <test name="Command line test" duration-ms="11744" started-at="2018-04-07T17:30:15Z" finished-at="2018-04-07T17:30:26Z">
      <class name="test.com.CalcTest">
        <test-method status="PASS" signature="setUpClass()[pri:0, instance:test.com.CalcTest@511baa65]" name="setUpClass" is-config="true" duration-ms="16" started-at="2018-04-07T12:30:15Z" finished-at="2018-04-07T12:30:15Z">
          <reporter-output>
          </reporter-output>
        </test-method> <!-- setUpClass -->
        <test-method status="FAIL" signature="fillForm()[pri:0, instance:test.com.CalcTest@511baa65]" name="fillForm" duration-ms="11691" started-at="2018-04-07T12:30:15Z" finished-at="2018-04-07T12:30:26Z">
          <exception class="org.openqa.selenium.support.ui.UnexpectedTagNameException">
            <message>
              <![CDATA[Element should have been "select" but was "div"
Build info: version: '3.10.0', revision: '176b4a9', time: '2018-03-02T19:03:16.397Z'
System info: host: 'HARE-KRISHNA', ip: '192.168.56.1', os.name: 'Windows 10', os.arch: 'amd64', os.version: '10.0', java.version: '1.8.0_161'
Driver info: driver.version: unknown]]>
            </message>
            <full-stacktrace>
              <![CDATA[org.openqa.selenium.support.ui.UnexpectedTagNameException: Element should have been "select" but was "div"
Build info: version: '3.10.0', revision: '176b4a9', time: '2018-03-02T19:03:16.397Z'
System info: host: 'HARE-KRISHNA', ip: '192.168.56.1', os.name: 'Windows 10', os.arch: 'amd64', os.version: '10.0', java.version: '1.8.0_161'
Driver info: driver.version: unknown
	at org.openqa.selenium.support.ui.Select.<init>(Select.java:47)
	at test.com.CalcTest.fillForm(CalcTest.java:112)
	at sun.reflect.NativeMethodAccessorImpl.invoke0(Native Method)
	at sun.reflect.NativeMethodAccessorImpl.invoke(NativeMethodAccessorImpl.java:62)
	at sun.reflect.DelegatingMethodAccessorImpl.invoke(DelegatingMethodAccessorImpl.java:43)
	at java.lang.reflect.Method.invoke(Method.java:498)
	at org.testng.internal.MethodInvocationHelper.invokeMethod(MethodInvocationHelper.java:84)
	at org.testng.internal.Invoker.invokeMethod(Invoker.java:714)
	at org.testng.internal.Invoker.invokeTestMethod(Invoker.java:901)
	at org.testng.internal.Invoker.invokeTestMethods(Invoker.java:1231)
	at org.testng.internal.TestMethodWorker.invokeTestMethods(TestMethodWorker.java:127)
	at org.testng.internal.TestMethodWorker.run(TestMethodWorker.java:111)
	at org.testng.TestRunner.privateRun(TestRunner.java:767)
	at org.testng.TestRunner.run(TestRunner.java:617)
	at org.testng.SuiteRunner.runTest(SuiteRunner.java:334)
	at org.testng.SuiteRunner.runSequentially(SuiteRunner.java:329)
	at org.testng.SuiteRunner.privateRun(SuiteRunner.java:291)
	at org.testng.SuiteRunner.run(SuiteRunner.java:240)
	at org.testng.SuiteRunnerWorker.runSuite(SuiteRunnerWorker.java:52)
	at org.testng.SuiteRunnerWorker.run(SuiteRunnerWorker.java:86)
	at org.testng.TestNG.runSuitesSequentially(TestNG.java:1224)
	at org.testng.TestNG.runSuitesLocally(TestNG.java:1149)
	at org.testng.TestNG.run(TestNG.java:1057)
	at org.apache.maven.surefire.testng.TestNGExecutor.run(TestNGExecutor.java:70)
	at org.apache.maven.surefire.testng.TestNGDirectoryTestSuite.execute(TestNGDirectoryTestSuite.java:109)
	at org.apache.maven.surefire.testng.TestNGProvider.invoke(TestNGProvider.java:111)
	at sun.reflect.NativeMethodAccessorImpl.invoke0(Native Method)
	at sun.reflect.NativeMethodAccessorImpl.invoke(NativeMethodAccessorImpl.java:62)
	at sun.reflect.DelegatingMethodAccessorImpl.invoke(DelegatingMethodAccessorImpl.java:43)
	at java.lang.reflect.Method.invoke(Method.java:498)
	at org.apache.maven.surefire.util.ReflectionUtils.invokeMethodWithArray(ReflectionUtils.java:164)
	at org.apache.maven.surefire.booter.ProviderFactory$ProviderProxy.invoke(ProviderFactory.java:110)
	at org.apache.maven.surefire.booter.SurefireStarter.invokeProvider(SurefireStarter.java:175)
	at org.apache.maven.surefire.booter.SurefireStarter.runSuitesInProcessWhenForked(SurefireStarter.java:107)
	at org.apache.maven.surefire.booter.ForkedBooter.main(ForkedBooter.java:68)
]]>
            </full-stacktrace>
          </exception> <!-- org.openqa.selenium.support.ui.UnexpectedTagNameException -->
          <reporter-output>
          </reporter-output>
        </test-method> <!-- fillForm -->
        <test-method status="PASS" signature="setUpMethod()[pri:0, instance:test.com.CalcTest@511baa65]" name="setUpMethod" is-config="true" duration-ms="0" started-at="2018-04-07T12:30:15Z" finished-at="2018-04-07T12:30:15Z">
          <reporter-output>
          </reporter-output>
        </test-method> <!-- setUpMethod -->
        <test-method status="PASS" signature="tearDownMethod()[pri:0, instance:test.com.CalcTest@511baa65]" name="tearDownMethod" is-config="true" duration-ms="5" started-at="2018-04-07T12:30:26Z" finished-at="2018-04-07T12:30:26Z">
          <reporter-output>
          </reporter-output>
        </test-method> <!-- tearDownMethod -->
        <test-method status="PASS" signature="testadd()[pri:0, instance:test.com.CalcTest@511baa65]" name="testadd" duration-ms="5" started-at="2018-04-07T12:30:26Z" finished-at="2018-04-07T12:30:26Z">
          <reporter-output>
          </reporter-output>
        </test-method> <!-- testadd -->
        <test-method status="PASS" signature="setUpMethod()[pri:0, instance:test.com.CalcTest@511baa65]" name="setUpMethod" is-config="true" duration-ms="0" started-at="2018-04-07T12:30:26Z" finished-at="2018-04-07T12:30:26Z">
          <reporter-output>
          </reporter-output>
        </test-method> <!-- setUpMethod -->
        <test-method status="PASS" signature="setUpMethod()[pri:0, instance:test.com.CalcTest@511baa65]" name="setUpMethod" is-config="true" duration-ms="1" started-at="2018-04-07T12:30:26Z" finished-at="2018-04-07T12:30:26Z">
          <reporter-output>
          </reporter-output>
        </test-method> <!-- setUpMethod -->
        <test-method status="PASS" signature="tearDownMethod()[pri:0, instance:test.com.CalcTest@511baa65]" name="tearDownMethod" is-config="true" duration-ms="0" started-at="2018-04-07T12:30:26Z" finished-at="2018-04-07T12:30:26Z">
          <reporter-output>
          </reporter-output>
        </test-method> <!-- tearDownMethod -->
        <test-method status="PASS" signature="tearDownClass()[pri:0, instance:test.com.CalcTest@511baa65]" name="tearDownClass" is-config="true" duration-ms="0" started-at="2018-04-07T12:30:26Z" finished-at="2018-04-07T12:30:26Z">
          <reporter-output>
          </reporter-output>
        </test-method> <!-- tearDownClass -->
        <test-method status="PASS" signature="testmul()[pri:0, instance:test.com.CalcTest@511baa65]" name="testmul" duration-ms="0" started-at="2018-04-07T12:30:26Z" finished-at="2018-04-07T12:30:26Z">
          <reporter-output>
          </reporter-output>
        </test-method> <!-- testmul -->
        <test-method status="PASS" signature="tearDownMethod()[pri:0, instance:test.com.CalcTest@511baa65]" name="tearDownMethod" is-config="true" duration-ms="0" started-at="2018-04-07T12:30:26Z" finished-at="2018-04-07T12:30:26Z">
          <reporter-output>
          </reporter-output>
        </test-method> <!-- tearDownMethod -->
      </class> <!-- test.com.CalcTest -->
    </test> <!-- Command line test -->
  </suite> <!-- test.com.CalcTest -->
</testng-results>
